[01Jan2025 00:05:28.007] [Server thread/INFO] [net.minecraft.server.MinecraftServer/]: juanesproten21 has made the advancement [Acquire Hardware]
[01Jan2025 00:05:32.291] [Server thread/INFO] [net.minecraft.server.MinecraftServer/]: Alan777 has made the advancement [Acquire Hardware]
[01Jan2025 00:07:19.356] [Server thread/INFO] [net.minecraft.server.MinecraftServer/]: juanesproten21 has made the advancement [Suit Up]
[01Jan2025 00:07:48.073] [Server thread/INFO] [net.minecraft.server.MinecraftServer/]: juanesproten21 has made the advancement [Isn't It Iron Pick]
[01Jan2025 00:14:29.366] [Server thread/INFO] [net.minecraft.server.MinecraftServer/]: Alan777 was slain by juanesproten21
[01Jan2025 00:25:26.542] [Server thread/INFO] [net.minecraft.server.network.ServerGamePacketListenerImpl/]: juanesproten21 lost connection: Timed out
[01Jan2025 00:25:26.542] [Server thread/INFO] [net.minecraft.server.MinecraftServer/]: juanesproten21 left the game
[01Jan2025 00:25:35.039] [Server thread/INFO] [net.minecraft.server.network.ServerLoginPacketListenerImpl/]: com.mojang.authlib.GameProfile@3bfce5dc[id=<null>,name=juanesproten21,properties={},legacy=false] (/[::1]:38022) lost connection: Timed out
[01Jan2025 00:25:36.612] [Server thread/INFO] [net.minecraft.server.players.PlayerList/]: juanesproten21[/[::1]:46740] logged in with entity id 8120 at (234.17064399714363, 57.0, 240.49444763951584)
[01Jan2025 00:25:36.620] [Server thread/INFO] [net.minecraft.server.MinecraftServer/]: juanesproten21 joined the game
[01Jan2025 01:04:12.441] [Server thread/INFO] [net.minecraft.server.MinecraftServer/]: juanesproten21 has made the advancement [Not Today, Thank You]
[01Jan2025 01:06:24.640] [Server thread/INFO] [net.minecraft.server.network.ServerGamePacketListenerImpl/]: juanesproten21 lost connection: Timed out
[01Jan2025 01:06:24.641] [Server thread/INFO] [net.minecraft.server.MinecraftServer/]: juanesproten21 left the game
[01Jan2025 01:06:42.144] [Server thread/INFO] [net.minecraft.server.players.PlayerList/]: jerje[/[::1]:55050] logged in with entity id 13315 at (28.5, 83.0, 266.5)
[01Jan2025 01:06:42.149] [Server thread/INFO] [net.minecraft.server.MinecraftServer/]: jerje joined the game
[01Jan2025 01:08:26.992] [Server thread/INFO] [net.minecraft.server.MinecraftServer/]: jerje was shot by Skeleton
[01Jan2025 01:11:20.290] [Server thread/INFO] [net.minecraft.server.MinecraftServer/]: Alan777 has made the advancement [Monster Hunter]
[01Jan2025 01:12:42.689] [Server thread/INFO] [net.minecraft.server.network.ServerGamePacketListenerImpl/]: jerje lost connection: Timed out
[01Jan2025 01:12:42.690] [Server thread/INFO] [net.minecraft.server.MinecraftServer/]: jerje left the game
[01Jan2025 01:18:22.894] [Server thread/INFO] [net.minecraft.server.players.PlayerList/]: jerje[/[::1]:49576] logged in with entity id 14992 at (30.83800182581511, 75.0, 269.69999998807907)
[01Jan2025 01:18:22.899] [Server thread/INFO] [net.minecraft.server.MinecraftServer/]: jerje joined the game
[01Jan2025 01:19:08.041] [Server thread/INFO] [net.minecraft.server.network.ServerGamePacketListenerImpl/]: jerje lost connection: Timed out
[01Jan2025 01:19:08.042] [Server thread/INFO] [net.minecraft.server.MinecraftServer/]: jerje left the game
[01Jan2025 01:19:51.852] [Server thread/INFO] [net.minecraft.server.players.PlayerList/]: juanesproten21[/[::1]:43846] logged in with entity id 15315 at (283.11244055916757, 63.0, 272.0322123371045)
[01Jan2025 01:19:51.856] [Server thread/INFO] [net.minecraft.server.MinecraftServer/]: juanesproten21 joined the game
[01Jan2025 01:23:11.389] [Server thread/INFO] [net.minecraft.server.network.ServerGamePacketListenerImpl/]: Alan777 lost connection: Timed out
[01Jan2025 01:23:11.390] [Server thread/INFO] [net.minecraft.server.MinecraftServer/]: Alan777 left the game
[01Jan2025 01:27:31.547] [Server thread/INFO] [net.minecraft.server.players.PlayerList/]: Alan777[/[::1]:36042] logged in with entity id 16163 at (282.92796785291574, 63.0, 261.37806823362166)
[01Jan2025 01:27:31.552] [Server thread/INFO] [net.minecraft.server.MinecraftServer/]: Alan777 joined the game
[01Jan2025 01:34:08.583] [Server thread/INFO] [net.minecraft.server.MinecraftServer/]: Alan777 was slain by juanesproten21
